{
  "RSpec": {
    "coverage": {
      "/Users/rishavkumar/Desktop/Columbia/Fall-2021/ESaaS/Project/testing_setup/fern/app/helpers/application_helper.rb": {
        "lines": [
          1,
          null
        ]
      },
      "/Users/rishavkumar/Desktop/Columbia/Fall-2021/ESaaS/Project/testing_setup/fern/app/helpers/bookmarks_helper.rb": {
        "lines": [
          1,
          null,
          1,
          35,
          35,
          35,
          4,
          4,
          null,
          null,
          35,
          null,
          null,
          1,
          185,
          0,
          null,
          185,
          null,
          185,
          null,
          null
        ]
      },
      "/Users/rishavkumar/Desktop/Columbia/Fall-2021/ESaaS/Project/testing_setup/fern/app/helpers/firebase_helper.rb": {
        "lines": [
          null,
          1,
          null,
          null,
          null,
          null,
          null,
          null,
          null,
          null,
          null,
          null,
          null,
          null,
          null,
          null,
          null,
          null,
          null,
          null,
          1,
          null,
          87,
          87,
          87,
          87,
          null,
          87,
          87,
          0,
          0,
          0,
          null,
          null,
          null,
          1,
          null,
          1,
          87,
          null,
          null
        ]
      },
      "/Users/rishavkumar/Desktop/Columbia/Fall-2021/ESaaS/Project/testing_setup/fern/app/helpers/product_helper.rb": {
        "lines": [
          1,
          null,
          1,
          189,
          189,
          189,
          189,
          189,
          189,
          189,
          189,
          189,
          189,
          189,
          189,
          189,
          189,
          189,
          189,
          189,
          189,
          189,
          189,
          null,
          null
        ]
      },
      "/Users/rishavkumar/Desktop/Columbia/Fall-2021/ESaaS/Project/testing_setup/fern/app/helpers/session_helper.rb": {
        "lines": [
          1,
          null,
          1,
          3,
          null,
          null,
          1,
          1,
          null,
          null
        ]
      },
      "/Users/rishavkumar/Desktop/Columbia/Fall-2021/ESaaS/Project/testing_setup/fern/app/helpers/spore_management_helper.rb": {
        "lines": [
          1,
          null,
          1,
          3,
          3,
          3,
          3,
          1,
          1,
          1,
          1,
          1,
          1,
          1,
          1,
          1,
          1,
          null,
          0,
          null,
          null,
          0,
          null,
          null,
          2,
          null,
          null,
          0,
          null,
          3,
          null,
          null,
          1,
          3,
          3,
          3,
          3,
          3,
          3,
          3,
          3,
          3,
          2,
          2,
          2,
          2,
          2,
          null,
          1,
          null,
          null,
          null,
          0,
          null,
          3,
          null,
          null,
          1,
          1,
          1,
          null,
          null,
          1,
          3,
          3,
          3,
          3,
          3,
          3,
          3,
          3,
          null,
          null
        ]
      },
      "/Users/rishavkumar/Desktop/Columbia/Fall-2021/ESaaS/Project/testing_setup/fern/app/helpers/user_helper.rb": {
        "lines": [
          1,
          1,
          2,
          null,
          2,
          2,
          null,
          2,
          2,
          null,
          2,
          2,
          0,
          0,
          null,
          null,
          null,
          2,
          null,
          null
        ]
      },
      "/Users/rishavkumar/Desktop/Columbia/Fall-2021/ESaaS/Project/testing_setup/fern/app/controllers/bookmarks_controller.rb": {
        "lines": [
          1,
          1,
          null,
          null,
          1,
          13,
          13,
          13,
          null,
          12,
          12,
          12,
          12,
          12,
          null,
          10,
          null,
          12,
          null,
          1,
          1,
          1,
          1,
          null,
          null,
          null,
          1,
          4,
          4,
          4,
          4,
          4,
          4,
          4,
          null,
          null,
          4,
          4,
          4,
          null,
          null,
          1,
          3,
          null,
          3,
          1,
          1,
          1,
          null,
          2,
          2,
          null,
          null,
          null
        ]
      },
      "/Users/rishavkumar/Desktop/Columbia/Fall-2021/ESaaS/Project/testing_setup/fern/app/controllers/application_controller.rb": {
        "lines": [
          1,
          null,
          1,
          null,
          1,
          null,
          1,
          12,
          6,
          null,
          6,
          null,
          null,
          null,
          1,
          12,
          6,
          null,
          6,
          null,
          null,
          null,
          1,
          75,
          3,
          3,
          null,
          null,
          null,
          null,
          null,
          null,
          null,
          null,
          null,
          1,
          77,
          null,
          77,
          null,
          null,
          77,
          5,
          null,
          72,
          0,
          0,
          null,
          72,
          null,
          null,
          null,
          null,
          null,
          null,
          null,
          null
        ]
      },
      "/Users/rishavkumar/Desktop/Columbia/Fall-2021/ESaaS/Project/testing_setup/fern/app/models/user_favorite.rb": {
        "lines": [
          1,
          1,
          null,
          1,
          2,
          null,
          null,
          1,
          35,
          null,
          null
        ]
      },
      "/Users/rishavkumar/Desktop/Columbia/Fall-2021/ESaaS/Project/testing_setup/fern/app/models/application_record.rb": {
        "lines": [
          1,
          1,
          null
        ]
      },
      "/Users/rishavkumar/Desktop/Columbia/Fall-2021/ESaaS/Project/testing_setup/fern/app/controllers/user_controller.rb": {
        "lines": [
          1,
          1,
          1,
          null,
          null,
          null,
          null,
          null,
          null,
          null,
          null,
          1,
          4,
          4,
          4,
          4,
          1,
          1,
          null,
          3,
          3,
          3,
          3,
          null,
          null,
          1,
          2,
          2,
          2,
          2,
          2,
          2,
          2,
          2,
          null,
          null,
          1,
          null,
          1,
          3,
          null,
          3,
          3,
          3,
          3,
          3,
          3,
          3,
          3,
          3,
          null,
          3,
          null,
          null
        ]
      },
      "/Users/rishavkumar/Desktop/Columbia/Fall-2021/ESaaS/Project/testing_setup/fern/app/controllers/product_controller.rb": {
        "lines": [
          1,
          null,
          1,
          null,
          1,
          12,
          12,
          12,
          12,
          12,
          12,
          12,
          96,
          96,
          null,
          null,
          12,
          12,
          12,
          null,
          null,
          1,
          3,
          3,
          3,
          3,
          3,
          3,
          3,
          null,
          3,
          null,
          null,
          1,
          3,
          3,
          3,
          3,
          3,
          null,
          null,
          null,
          1,
          4,
          4,
          4,
          4,
          4,
          4,
          4,
          44,
          44,
          null,
          null,
          4,
          4,
          null,
          null,
          1,
          6,
          6,
          6,
          6,
          6,
          6,
          6,
          6,
          12,
          12,
          null,
          null,
          6,
          6,
          6,
          null,
          null,
          1,
          6,
          6,
          6,
          6,
          6,
          6,
          6,
          6,
          30,
          30,
          null,
          null,
          null,
          6,
          6,
          6,
          null,
          null,
          null
        ]
      },
      "/Users/rishavkumar/Desktop/Columbia/Fall-2021/ESaaS/Project/testing_setup/fern/app/controllers/session_controller.rb": {
        "lines": [
          1,
          null,
          1,
          null,
          1,
          1,
          1,
          null,
          null
        ]
      },
      "/Users/rishavkumar/Desktop/Columbia/Fall-2021/ESaaS/Project/testing_setup/fern/app/controllers/spore_management_controller.rb": {
        "lines": [
          1,
          null,
          1,
          null,
          1,
          3,
          3,
          3,
          3,
          3,
          3,
          3,
          3,
          1,
          null,
          2,
          null,
          null,
          null,
          1,
          3,
          3,
          3,
          3,
          3,
          3,
          3,
          2,
          null,
          1,
          null,
          null,
          null,
          1,
          7,
          7,
          6,
          6,
          null,
          1,
          null,
          null,
          null,
          1,
          5,
          5,
          null,
          null,
          null,
          null,
          null,
          null,
          null,
          null,
          null
        ]
      },
      "/Users/rishavkumar/Desktop/Columbia/Fall-2021/ESaaS/Project/testing_setup/fern/app/models/product.rb": {
        "lines": [
          1,
          1,
          1,
          null,
          1,
          4,
          null,
          null,
          1,
          4,
          null,
          null,
          1,
          6,
          null,
          null,
          1,
          6,
          null,
          null
        ]
      },
      "/Users/rishavkumar/Desktop/Columbia/Fall-2021/ESaaS/Project/testing_setup/fern/app/models/product_type.rb": {
        "lines": [
          1,
          1,
          1,
          null
        ]
      },
      "/Users/rishavkumar/Desktop/Columbia/Fall-2021/ESaaS/Project/testing_setup/fern/app/models/product_price_mapper.rb": {
        "lines": [
          1,
          1,
          null,
          1,
          1,
          1,
          null,
          null
        ]
      },
      "/Users/rishavkumar/Desktop/Columbia/Fall-2021/ESaaS/Project/testing_setup/fern/app/models/user.rb": {
        "lines": [
          1,
          1,
          1,
          null
        ]
      },
      "/Users/rishavkumar/Desktop/Columbia/Fall-2021/ESaaS/Project/testing_setup/fern/app/models/spore_redemption_history.rb": {
        "lines": [
          1,
          1,
          null,
          1,
          6,
          null,
          null,
          null,
          null
        ]
      },
      "/Users/rishavkumar/Desktop/Columbia/Fall-2021/ESaaS/Project/testing_setup/fern/app/models/spores_milestone_mapper.rb": {
        "lines": [
          1,
          1,
          null,
          1,
          1,
          null,
          null
        ]
      },
      "/Users/rishavkumar/Desktop/Columbia/Fall-2021/ESaaS/Project/testing_setup/fern/app/serializer/spores_serializer.rb": {
        "lines": [
          1,
          1,
          null,
          6,
          null,
          6,
          null,
          null,
          null,
          null,
          null,
          null,
          null,
          null,
          1,
          null,
          5,
          null,
          5,
          null,
          null,
          null,
          null,
          null,
          null,
          null,
          null
        ]
      }
    },
    "timestamp": 1637198540
  }
}
