{
  "Cucumber Features": {
    "coverage": {
      "/Users/rishavkumar/Desktop/Columbia/Fall-2021/ESaaS/Project/development_code/fern/app/mailers/application_mailer.rb": {
        "lines": [
          0,
          0,
          0,
          0
        ],
        "branches": {
        }
      },
      "/Users/rishavkumar/Desktop/Columbia/Fall-2021/ESaaS/Project/development_code/fern/app/models/application_record.rb": {
        "lines": [
          0,
          0,
          0
        ],
        "branches": {
        }
      },
      "/Users/rishavkumar/Desktop/Columbia/Fall-2021/ESaaS/Project/development_code/fern/app/jobs/application_job.rb": {
        "lines": [
          0,
          null,
          null,
          null,
          null,
          null,
          0
        ],
        "branches": {
        }
      },
      "/Users/rishavkumar/Desktop/Columbia/Fall-2021/ESaaS/Project/development_code/fern/app/controllers/application_controller.rb": {
        "lines": [
          0,
          0
        ],
        "branches": {
        }
      },
      "/Users/rishavkumar/Desktop/Columbia/Fall-2021/ESaaS/Project/development_code/fern/app/helpers/application_helper.rb": {
        "lines": [
          0,
          0
        ],
        "branches": {
        }
      }
    },
    "timestamp": 1635558125
  },
  "RSpec": {
    "coverage": {
      "/Users/rishavkumar/Desktop/Columbia/Fall-2021/ESaaS/Project/development_code/fern/app/helpers/application_helper.rb": {
        "lines": [
          1,
          null
        ]
      },
      "/Users/rishavkumar/Desktop/Columbia/Fall-2021/ESaaS/Project/development_code/fern/app/helpers/firebase_helper.rb": {
        "lines": [
          null,
          1,
          null,
          null,
          null,
          null,
          null,
          null,
          null,
          null,
          null,
          null,
          null,
          null,
          null,
          null,
          null,
          null,
          null,
          null,
          1,
          null,
          36,
          36,
          36,
          36,
          null,
          36,
          36,
          0,
          0,
          0,
          null,
          null,
          null,
          1,
          null,
          1,
          36,
          null,
          null
        ]
      },
      "/Users/rishavkumar/Desktop/Columbia/Fall-2021/ESaaS/Project/development_code/fern/app/helpers/product_helper.rb": {
        "lines": [
          1,
          null,
          1,
          133,
          133,
          133,
          133,
          133,
          133,
          133,
          133,
          133,
          133,
          133,
          133,
          133,
          133,
          133,
          133,
          133,
          133,
          133,
          null,
          null
        ]
      },
      "/Users/rishavkumar/Desktop/Columbia/Fall-2021/ESaaS/Project/development_code/fern/app/helpers/session_helper.rb": {
        "lines": [
          1,
          null,
          1,
          3,
          null,
          null,
          1,
          1,
          null,
          null
        ]
      },
      "/Users/rishavkumar/Desktop/Columbia/Fall-2021/ESaaS/Project/development_code/fern/app/helpers/user_helper.rb": {
        "lines": [
          1,
          null
        ]
      },
      "/Users/rishavkumar/Desktop/Columbia/Fall-2021/ESaaS/Project/development_code/fern/app/controllers/product_controller.rb": {
        "lines": [
          1,
          1,
          null,
          1,
          null,
          1,
          12,
          12,
          12,
          12,
          12,
          12,
          96,
          null,
          null,
          12,
          12,
          12,
          null,
          null,
          1,
          4,
          4,
          4,
          4,
          4,
          null,
          4,
          null,
          null,
          1,
          3,
          3,
          3,
          3,
          3,
          null,
          null,
          1,
          3,
          3,
          3,
          3,
          3,
          3,
          33,
          null,
          null,
          3,
          3,
          null,
          null,
          null
        ]
      },
      "/Users/rishavkumar/Desktop/Columbia/Fall-2021/ESaaS/Project/development_code/fern/app/controllers/application_controller.rb": {
        "lines": [
          1,
          null,
          1,
          null,
          1,
          null,
          1,
          12,
          6,
          null,
          6,
          null,
          null,
          null,
          1,
          12,
          6,
          null,
          6,
          null,
          null,
          null,
          1,
          24,
          2,
          2,
          null,
          null,
          null,
          null,
          null,
          null,
          1,
          24,
          null,
          24,
          null,
          null,
          24,
          2,
          null,
          22,
          22,
          null,
          null,
          22,
          null,
          null,
          null
        ]
      },
      "/Users/rishavkumar/Desktop/Columbia/Fall-2021/ESaaS/Project/development_code/fern/app/controllers/session_controller.rb": {
        "lines": [
          1,
          null,
          1,
          null,
          1,
          1,
          1,
          null,
          null
        ]
      },
      "/Users/rishavkumar/Desktop/Columbia/Fall-2021/ESaaS/Project/development_code/fern/app/controllers/user_controller.rb": {
        "lines": [
          1,
          1,
          1,
          null,
          null,
          null,
          null,
          null,
          null,
          null,
          null,
          1,
          4,
          4,
          4,
          4,
          1,
          1,
          null,
          3,
          3,
          3,
          3,
          null,
          null,
          1,
          3,
          3,
          3,
          3,
          3,
          null,
          null,
          1,
          null,
          1,
          3,
          3,
          3,
          3,
          3,
          3,
          3,
          3,
          3,
          null,
          3,
          null,
          null
        ]
      },
      "/Users/rishavkumar/Desktop/Columbia/Fall-2021/ESaaS/Project/development_code/fern/app/models/product.rb": {
        "lines": [
          1,
          1,
          1,
          null,
          1,
          3,
          null,
          null
        ]
      },
      "/Users/rishavkumar/Desktop/Columbia/Fall-2021/ESaaS/Project/development_code/fern/app/models/application_record.rb": {
        "lines": [
          1,
          1,
          null
        ]
      },
      "/Users/rishavkumar/Desktop/Columbia/Fall-2021/ESaaS/Project/development_code/fern/app/models/product_type.rb": {
        "lines": [
          1,
          1,
          1,
          null
        ]
      },
      "/Users/rishavkumar/Desktop/Columbia/Fall-2021/ESaaS/Project/development_code/fern/app/models/product_price_mapper.rb": {
        "lines": [
          1,
          1,
          null
        ]
      },
      "/Users/rishavkumar/Desktop/Columbia/Fall-2021/ESaaS/Project/development_code/fern/app/models/user.rb": {
        "lines": [
          1,
          1,
          1,
          null
        ]
      }
    },
    "timestamp": 1635940964
  }
}
